<?xml version="1.0" encoding="UTF-8"?>
<testsuite xmlns:xsi="http://www.w3.org/2001/XMLSchema-instance" xsi:schemaLocation="https://maven.apache.org/surefire/maven-surefire-plugin/xsd/surefire-test-report.xsd" name="TestSuite" time="103.731" tests="5" errors="0" skipped="0" failures="0">
  <properties>
[...]
</properties>
  <testcase name="verifyWorkspaceIsCreated" classname="org.fundacion.automation.workspaces.TestCreateWorkspace" time="7.167"/>
  <testcase name="verifyWorkspaceIsDeleted" classname="org.fundacion.automation.workspaces.TestDeleteWorkspace" time="12.9"/>
  <testcase name="verifyThatIsPosibleAddProjecsOnAWorkspace" classname="org.fundacion.automation.workspaces.AddWorkspaceProjects" time="10.738"/>
  <testcase name="verifyThatIsPosibleRemoveProjecsOnAWorkspace" classname="org.fundacion.automation.workspaces.RemoveWorkspaceProjects" time="25.618"/>
  <testcase name="verifyWorkspaceIsDeletedWithProject" classname="org.fundacion.automation.workspaces.DeleteWorkspaceWithProject" time="7.203"/>
</testsuite>