<?xml version="1.0" encoding="UTF-8"?>
<testng-results skipped="0" failed="0" total="1" passed="1">
  <reporter-output>
  </reporter-output>
  <suite name="Projects" duration-ms="20655" started-at="2016-12-13T19:45:47Z" finished-at="2016-12-13T19:46:07Z">
    <groups>
    </groups>
    <test name="Pivotal" duration-ms="20655" started-at="2016-12-13T19:45:47Z" finished-at="2016-12-13T19:46:07Z">
      <class name="org.fundacion.automation.projects.TestCreateProject">
        <test-method status="PASS" signature="verifyIfProjectIsCreated()[pri:0, instance:org.fundacion.automation.projects.TestCreateProject@edf4efb]" name="verifyIfProjectIsCreated" duration-ms="20635" started-at="2016-12-13T15:45:47Z" finished-at="2016-12-13T15:46:07Z">
          <reporter-output>
          </reporter-output>
        </test-method> <!-- verifyIfProjectIsCreated -->
        <test-method status="PASS" signature="Close()[pri:0, instance:org.fundacion.automation.projects.TestCreateProject@edf4efb]" name="Close" is-config="true" duration-ms="1" started-at="2016-12-13T15:46:07Z" finished-at="2016-12-13T15:46:07Z">
          <reporter-output>
          </reporter-output>
        </test-method> <!-- Close -->
      </class> <!-- org.fundacion.automation.projects.TestCreateProject -->
    </test> <!-- Pivotal -->
  </suite> <!-- Projects -->
</testng-results>
